<?xml version="1.0" encoding="UTF-8"?>
<!-- Generated by org.testng.reporters.JUnitReportReporter -->
<testsuite skipped="0" hostname="DESKTOP-H9OAMIT" name="NewTest" tests="1" failures="0" timestamp="2020-04-24T16:41:06 EDT" time="0.016" errors="0">
  <testcase name="f" time="0.016" classname="NewTest"/>
</testsuite> <!-- NewTest -->
