<?xml version="1.0" encoding="UTF-8"?>
<!-- Generated by org.testng.reporters.JUnitReportReporter -->
<testsuite skipped="0" hostname="DESKTOP-H9OAMIT" name="com.TestRunner.TestRunner" tests="1" failures="0" timestamp="2020-05-18T20:04:31 EDT" time="31.377" errors="0">
  <testcase name="feature" time="31.377" classname="com.TestRunner.TestRunner"/>
</testsuite> <!-- com.TestRunner.TestRunner -->
